<?xml version="1.0" encoding="UTF-8"?>
<coverage generated="1521570984292" clover="3.2.0">
  <project timestamp="1521570984292" name="All files">
    <metrics statements="70" coveredstatements="38" conditionals="18" coveredconditionals="3" methods="29" coveredmethods="15" elements="117" coveredelements="56" complexity="0" loc="70" ncloc="70" packages="2" files="3" classes="3">
      <package name="src">
        <metrics statements="31" coveredstatements="22" conditionals="10" coveredconditionals="2" methods="9" coveredmethods="7"/>
        <file name="stories.ts" path="C:\Projets\story-engine-library\src\stories.ts">
          <metrics statements="31" coveredstatements="22" conditionals="10" coveredconditionals="2" methods="9" coveredmethods="7"/>
          <line num="3" count="2" type="stmt"/>
          <line num="6" count="2" type="stmt"/>
          <line num="11" count="2" type="stmt"/>
          <line num="12" count="2" type="stmt"/>
          <line num="14" count="2" type="stmt"/>
          <line num="22" count="6" type="stmt"/>
          <line num="23" count="6" type="stmt"/>
          <line num="27" count="1" type="stmt"/>
          <line num="31" count="4" type="cond" truecount="1" falsecount="1"/>
          <line num="32" count="0" type="stmt"/>
          <line num="34" count="4" type="stmt"/>
          <line num="35" count="4" type="stmt"/>
          <line num="36" count="4" type="stmt"/>
          <line num="40" count="1" type="stmt"/>
          <line num="44" count="2" type="stmt"/>
          <line num="49" count="2" type="stmt"/>
          <line num="52" count="2" type="stmt"/>
          <line num="53" count="2" type="stmt"/>
          <line num="54" count="6" type="stmt"/>
          <line num="55" count="6" type="stmt"/>
          <line num="56" count="0" type="cond" truecount="0" falsecount="2"/>
          <line num="57" count="0" type="stmt"/>
          <line num="60" count="6" type="cond" truecount="1" falsecount="1"/>
          <line num="61" count="6" type="stmt"/>
          <line num="65" count="2" type="stmt"/>
          <line num="69" count="0" type="cond" truecount="0" falsecount="2"/>
          <line num="70" count="0" type="stmt"/>
          <line num="73" count="0" type="stmt"/>
          <line num="74" count="0" type="cond" truecount="0" falsecount="2"/>
          <line num="75" count="0" type="stmt"/>
          <line num="78" count="0" type="stmt"/>
        </file>
      </package>
      <package name="src.controllers">
        <metrics statements="39" coveredstatements="16" conditionals="8" coveredconditionals="1" methods="20" coveredmethods="8"/>
        <file name="engine.ts" path="C:\Projets\story-engine-library\src\controllers\engine.ts">
          <metrics statements="17" coveredstatements="1" conditionals="6" coveredconditionals="0" methods="8" coveredmethods="0"/>
          <line num="7" count="2" type="stmt"/>
          <line num="9" count="0" type="stmt"/>
          <line num="13" count="0" type="stmt"/>
          <line num="15" count="0" type="stmt"/>
          <line num="16" count="0" type="cond" truecount="0" falsecount="2"/>
          <line num="17" count="0" type="stmt"/>
          <line num="21" count="0" type="stmt"/>
          <line num="25" count="0" type="stmt"/>
          <line num="26" count="0" type="cond" truecount="0" falsecount="2"/>
          <line num="27" count="0" type="stmt"/>
          <line num="30" count="0" type="stmt"/>
          <line num="34" count="0" type="stmt"/>
          <line num="38" count="0" type="stmt"/>
          <line num="40" count="0" type="stmt"/>
          <line num="41" count="0" type="cond" truecount="0" falsecount="2"/>
          <line num="42" count="0" type="stmt"/>
          <line num="46" count="0" type="stmt"/>
        </file>
        <file name="persistance.ts" path="C:\Projets\story-engine-library\src\controllers\persistance.ts">
          <metrics statements="22" coveredstatements="15" conditionals="2" coveredconditionals="1" methods="12" coveredmethods="8"/>
          <line num="8" count="3" type="stmt"/>
          <line num="9" count="6" type="stmt"/>
          <line num="13" count="6" type="stmt"/>
          <line num="17" count="0" type="stmt"/>
          <line num="21" count="18" type="stmt"/>
          <line num="23" count="18" type="stmt"/>
          <line num="24" count="18" type="cond" truecount="1" falsecount="1"/>
          <line num="25" count="0" type="stmt"/>
          <line num="27" count="18" type="stmt"/>
          <line num="33" count="0" type="stmt"/>
          <line num="37" count="0" type="stmt"/>
          <line num="38" count="0" type="stmt"/>
          <line num="42" count="7" type="stmt"/>
          <line num="43" count="7" type="stmt"/>
          <line num="47" count="5" type="stmt"/>
          <line num="48" count="5" type="stmt"/>
          <line num="52" count="0" type="stmt"/>
          <line num="53" count="0" type="stmt"/>
          <line num="57" count="5" type="stmt"/>
          <line num="58" count="5" type="stmt"/>
          <line num="62" count="1" type="stmt"/>
          <line num="63" count="1" type="stmt"/>
        </file>
      </package>
    </metrics>
  </project>
</coverage>
