{"C:\\Projets\\story-engine-library\\src\\stories.ts": {"path":"C:\\Projets\\story-engine-library\\src\\stories.ts","statementMap":{"0":{"start":{"line":3,"column":0},"end":{"line":3,"column":55}},"1":{"start":{"line":6,"column":0},"end":{"line":6,"column":45}},"2":{"start":{"line":11,"column":33},"end":{"line":11,"column":59}},"3":{"start":{"line":12,"column":23},"end":{"line":12,"column":35}},"4":{"start":{"line":18,"column":8},"end":{"line":27,"column":10}},"5":{"start":{"line":31,"column":8},"end":{"line":31,"column":27}},"6":{"start":{"line":32,"column":8},"end":{"line":32,"column":65}},"7":{"start":{"line":33,"column":8},"end":{"line":33,"column":34}},"8":{"start":{"line":37,"column":8},"end":{"line":37,"column":34}},"9":{"start":{"line":41,"column":8},"end":{"line":43,"column":9}},"10":{"start":{"line":42,"column":12},"end":{"line":42,"column":47}},"11":{"start":{"line":44,"column":8},"end":{"line":44,"column":80}},"12":{"start":{"line":45,"column":8},"end":{"line":45,"column":104}},"13":{"start":{"line":46,"column":8},"end":{"line":46,"column":36}},"14":{"start":{"line":50,"column":8},"end":{"line":50,"column":36}},"15":{"start":{"line":54,"column":8},"end":{"line":54,"column":61}},"16":{"start":{"line":59,"column":19},"end":{"line":59,"column":52}},"17":{"start":{"line":62,"column":8},"end":{"line":62,"column":27}},"18":{"start":{"line":63,"column":8},"end":{"line":73,"column":9}},"19":{"start":{"line":64,"column":39},"end":{"line":64,"column":43}},"20":{"start":{"line":65,"column":12},"end":{"line":69,"column":13}},"21":{"start":{"line":66,"column":16},"end":{"line":68,"column":17}},"22":{"start":{"line":67,"column":20},"end":{"line":67,"column":40}},"23":{"start":{"line":70,"column":12},"end":{"line":72,"column":13}},"24":{"start":{"line":71,"column":16},"end":{"line":71,"column":43}},"25":{"start":{"line":75,"column":8},"end":{"line":75,"column":21}},"26":{"start":{"line":79,"column":8},"end":{"line":81,"column":9}},"27":{"start":{"line":80,"column":12},"end":{"line":80,"column":56}},"28":{"start":{"line":83,"column":31},"end":{"line":83,"column":85}},"29":{"start":{"line":84,"column":8},"end":{"line":86,"column":9}},"30":{"start":{"line":85,"column":12},"end":{"line":85,"column":46}},"31":{"start":{"line":88,"column":8},"end":{"line":88,"column":68}},"32":{"start":{"line":90,"column":8},"end":{"line":90,"column":78}},"33":{"start":{"line":14,"column":0},"end":{"line":92,"column":1}}},"fnMap":{"0":{"name":"(anonymous_6)","decl":{"start":{"line":17,"column":4},"end":{"line":17,"column":14}},"loc":{"start":{"line":17,"column":15},"end":{"line":28,"column":5}}},"1":{"name":"(anonymous_7)","decl":{"start":{"line":30,"column":10},"end":{"line":30,"column":18}},"loc":{"start":{"line":30,"column":35},"end":{"line":34,"column":5}}},"2":{"name":"(anonymous_9)","decl":{"start":{"line":36,"column":4},"end":{"line":36,"column":18}},"loc":{"start":{"line":36,"column":19},"end":{"line":38,"column":5}}},"3":{"name":"(anonymous_10)","decl":{"start":{"line":40,"column":10},"end":{"line":40,"column":20}},"loc":{"start":{"line":40,"column":56},"end":{"line":47,"column":5}}},"4":{"name":"(anonymous_12)","decl":{"start":{"line":49,"column":4},"end":{"line":49,"column":20}},"loc":{"start":{"line":49,"column":21},"end":{"line":51,"column":5}}},"5":{"name":"(anonymous_13)","decl":{"start":{"line":53,"column":4},"end":{"line":53,"column":21}},"loc":{"start":{"line":53,"column":22},"end":{"line":55,"column":5}}},"6":{"name":"(anonymous_14)","decl":{"start":{"line":57,"column":4},"end":{"line":57,"column":20}},"loc":{"start":{"line":57,"column":45},"end":{"line":76,"column":5}}},"7":{"name":"(anonymous_15)","decl":{"start":{"line":78,"column":4},"end":{"line":78,"column":13}},"loc":{"start":{"line":78,"column":28},"end":{"line":91,"column":5}}}},"branchMap":{"0":{"loc":{"start":{"line":41,"column":8},"end":{"line":43,"column":9}},"type":"if","locations":[{"start":{"line":41,"column":8},"end":{"line":43,"column":9}},{"start":{"line":41,"column":8},"end":{"line":43,"column":9}}]},"1":{"loc":{"start":{"line":66,"column":16},"end":{"line":68,"column":17}},"type":"if","locations":[{"start":{"line":66,"column":16},"end":{"line":68,"column":17}},{"start":{"line":66,"column":16},"end":{"line":68,"column":17}}]},"2":{"loc":{"start":{"line":70,"column":12},"end":{"line":72,"column":13}},"type":"if","locations":[{"start":{"line":70,"column":12},"end":{"line":72,"column":13}},{"start":{"line":70,"column":12},"end":{"line":72,"column":13}}]},"3":{"loc":{"start":{"line":79,"column":8},"end":{"line":81,"column":9}},"type":"if","locations":[{"start":{"line":79,"column":8},"end":{"line":81,"column":9}},{"start":{"line":79,"column":8},"end":{"line":81,"column":9}}]},"4":{"loc":{"start":{"line":84,"column":8},"end":{"line":86,"column":9}},"type":"if","locations":[{"start":{"line":84,"column":8},"end":{"line":86,"column":9}},{"start":{"line":84,"column":8},"end":{"line":86,"column":9}}]}},"s":{"0":2,"1":2,"2":2,"3":2,"4":6,"5":6,"6":6,"7":6,"8":1,"9":4,"10":0,"11":4,"12":4,"13":4,"14":1,"15":2,"16":2,"17":2,"18":2,"19":6,"20":6,"21":0,"22":0,"23":6,"24":6,"25":2,"26":1,"27":0,"28":1,"29":1,"30":0,"31":1,"32":1,"33":2},"f":{"0":6,"1":6,"2":1,"3":4,"4":1,"5":2,"6":2,"7":1},"b":{"0":[0,4],"1":[0,0],"2":[6,0],"3":[0,1],"4":[0,1]}}
,"C:\\Projets\\story-engine-library\\src\\controllers\\consequence.rules.ts": {"path":"C:\\Projets\\story-engine-library\\src\\controllers\\consequence.rules.ts","statementMap":{"0":{"start":{"line":3,"column":0},"end":{"line":3,"column":43}},"1":{"start":{"line":5,"column":0},"end":{"line":48,"column":1}},"2":{"start":{"line":8,"column":8},"end":{"line":10,"column":9}},"3":{"start":{"line":9,"column":12},"end":{"line":9,"column":55}},"4":{"start":{"line":11,"column":34},"end":{"line":11,"column":35}},"5":{"start":{"line":12,"column":8},"end":{"line":14,"column":9}},"6":{"start":{"line":13,"column":12},"end":{"line":13,"column":51}},"7":{"start":{"line":15,"column":8},"end":{"line":19,"column":9}},"8":{"start":{"line":16,"column":12},"end":{"line":16,"column":82}},"9":{"start":{"line":18,"column":12},"end":{"line":18,"column":82}},"10":{"start":{"line":20,"column":8},"end":{"line":20,"column":23}},"11":{"start":{"line":7,"column":20},"end":{"line":21,"column":5}},"12":{"start":{"line":24,"column":8},"end":{"line":26,"column":9}},"13":{"start":{"line":25,"column":12},"end":{"line":25,"column":64}},"14":{"start":{"line":27,"column":34},"end":{"line":27,"column":35}},"15":{"start":{"line":28,"column":8},"end":{"line":30,"column":9}},"16":{"start":{"line":29,"column":12},"end":{"line":29,"column":60}},"17":{"start":{"line":31,"column":8},"end":{"line":35,"column":9}},"18":{"start":{"line":32,"column":12},"end":{"line":32,"column":91}},"19":{"start":{"line":34,"column":12},"end":{"line":34,"column":91}},"20":{"start":{"line":36,"column":8},"end":{"line":36,"column":23}},"21":{"start":{"line":23,"column":20},"end":{"line":37,"column":5}},"22":{"start":{"line":41,"column":8},"end":{"line":41,"column":23}},"23":{"start":{"line":39,"column":20},"end":{"line":42,"column":5}},"24":{"start":{"line":45,"column":8},"end":{"line":45,"column":108}},"25":{"start":{"line":46,"column":8},"end":{"line":46,"column":23}},"26":{"start":{"line":44,"column":26},"end":{"line":47,"column":5}}},"fnMap":{"0":{"name":"(anonymous_6)","decl":{"start":{"line":5,"column":0},"end":{"line":5,"column":13}},"loc":{"start":{"line":5,"column":30},"end":{"line":48,"column":1}}},"1":{"name":"applySkillConsequence","decl":{"start":{"line":7,"column":4},"end":{"line":7,"column":41}},"loc":{"start":{"line":7,"column":89},"end":{"line":21,"column":5}}},"2":{"name":"applyCaracteristicConsequence","decl":{"start":{"line":23,"column":4},"end":{"line":23,"column":49}},"loc":{"start":{"line":23,"column":97},"end":{"line":37,"column":5}}},"3":{"name":"applyRelationConsequence","decl":{"start":{"line":39,"column":4},"end":{"line":39,"column":44}},"loc":{"start":{"line":39,"column":92},"end":{"line":42,"column":5}}},"4":{"name":"applySequenceTransitionConsequence","decl":{"start":{"line":44,"column":4},"end":{"line":44,"column":60}},"loc":{"start":{"line":44,"column":108},"end":{"line":47,"column":5}}}},"branchMap":{"0":{"loc":{"start":{"line":8,"column":8},"end":{"line":10,"column":9}},"type":"if","locations":[{"start":{"line":8,"column":8},"end":{"line":10,"column":9}},{"start":{"line":8,"column":8},"end":{"line":10,"column":9}}]},"1":{"loc":{"start":{"line":12,"column":8},"end":{"line":14,"column":9}},"type":"if","locations":[{"start":{"line":12,"column":8},"end":{"line":14,"column":9}},{"start":{"line":12,"column":8},"end":{"line":14,"column":9}}]},"2":{"loc":{"start":{"line":12,"column":12},"end":{"line":12,"column":23}},"type":"binary-expr","locations":[{"start":{"line":12,"column":12},"end":{"line":12,"column":23}},{"start":{"line":12,"column":27},"end":{"line":12,"column":59}}]},"3":{"loc":{"start":{"line":15,"column":8},"end":{"line":19,"column":9}},"type":"if","locations":[{"start":{"line":15,"column":8},"end":{"line":19,"column":9}},{"start":{"line":15,"column":8},"end":{"line":19,"column":9}}]},"4":{"loc":{"start":{"line":24,"column":8},"end":{"line":26,"column":9}},"type":"if","locations":[{"start":{"line":24,"column":8},"end":{"line":26,"column":9}},{"start":{"line":24,"column":8},"end":{"line":26,"column":9}}]},"5":{"loc":{"start":{"line":28,"column":8},"end":{"line":30,"column":9}},"type":"if","locations":[{"start":{"line":28,"column":8},"end":{"line":30,"column":9}},{"start":{"line":28,"column":8},"end":{"line":30,"column":9}}]},"6":{"loc":{"start":{"line":28,"column":12},"end":{"line":28,"column":23}},"type":"binary-expr","locations":[{"start":{"line":28,"column":12},"end":{"line":28,"column":23}},{"start":{"line":28,"column":27},"end":{"line":28,"column":68}}]},"7":{"loc":{"start":{"line":31,"column":8},"end":{"line":35,"column":9}},"type":"if","locations":[{"start":{"line":31,"column":8},"end":{"line":35,"column":9}},{"start":{"line":31,"column":8},"end":{"line":35,"column":9}}]},"8":{"loc":{"start":{"line":5,"column":14},"end":{"line":5,"column":30}},"type":"binary-expr","locations":[{"start":{"line":5,"column":14},"end":{"line":5,"column":30}},{"start":{"line":5,"column":14},"end":{"line":5,"column":30}}]}},"s":{"0":3,"1":3,"2":2,"3":1,"4":2,"5":2,"6":0,"7":2,"8":2,"9":0,"10":2,"11":3,"12":1,"13":1,"14":1,"15":1,"16":0,"17":1,"18":1,"19":0,"20":1,"21":3,"22":0,"23":3,"24":2,"25":1,"26":3},"f":{"0":3,"1":2,"2":1,"3":0,"4":2},"b":{"0":[1,1],"1":[0,2],"2":[2,0],"3":[2,0],"4":[1,0],"5":[0,1],"6":[1,0],"7":[1,0],"8":[3,3]}}
,"C:\\Projets\\story-engine-library\\src\\controllers\\engine.ts": {"path":"C:\\Projets\\story-engine-library\\src\\controllers\\engine.ts","statementMap":{"0":{"start":{"line":6,"column":0},"end":{"line":6,"column":54}},"1":{"start":{"line":10,"column":8},"end":{"line":10,"column":20}},"2":{"start":{"line":14,"column":36},"end":{"line":14,"column":38}},"3":{"start":{"line":15,"column":8},"end":{"line":19,"column":9}},"4":{"start":{"line":16,"column":12},"end":{"line":18,"column":13}},"5":{"start":{"line":17,"column":16},"end":{"line":17,"column":39}},"6":{"start":{"line":21,"column":8},"end":{"line":21,"column":22}},"7":{"start":{"line":25,"column":8},"end":{"line":29,"column":9}},"8":{"start":{"line":26,"column":12},"end":{"line":28,"column":13}},"9":{"start":{"line":27,"column":16},"end":{"line":27,"column":30}},"10":{"start":{"line":30,"column":8},"end":{"line":30,"column":50}},"11":{"start":{"line":34,"column":8},"end":{"line":34,"column":20}},"12":{"start":{"line":38,"column":38},"end":{"line":38,"column":40}},"13":{"start":{"line":40,"column":8},"end":{"line":44,"column":9}},"14":{"start":{"line":41,"column":12},"end":{"line":43,"column":13}},"15":{"start":{"line":42,"column":16},"end":{"line":42,"column":41}},"16":{"start":{"line":46,"column":8},"end":{"line":46,"column":22}},"17":{"start":{"line":50,"column":8},"end":{"line":70,"column":9}},"18":{"start":{"line":51,"column":12},"end":{"line":69,"column":13}},"19":{"start":{"line":53,"column":16},"end":{"line":68,"column":17}},"20":{"start":{"line":55,"column":24},"end":{"line":55,"column":95}},"21":{"start":{"line":56,"column":24},"end":{"line":56,"column":30}},"22":{"start":{"line":58,"column":24},"end":{"line":58,"column":103}},"23":{"start":{"line":59,"column":24},"end":{"line":59,"column":30}},"24":{"start":{"line":61,"column":24},"end":{"line":61,"column":98}},"25":{"start":{"line":62,"column":24},"end":{"line":62,"column":30}},"26":{"start":{"line":64,"column":24},"end":{"line":64,"column":114}},"27":{"start":{"line":65,"column":24},"end":{"line":65,"column":30}},"28":{"start":{"line":67,"column":24},"end":{"line":67,"column":63}},"29":{"start":{"line":71,"column":8},"end":{"line":71,"column":23}},"30":{"start":{"line":8,"column":0},"end":{"line":73,"column":1}}},"fnMap":{"0":{"name":"(anonymous_6)","decl":{"start":{"line":9,"column":4},"end":{"line":9,"column":19}},"loc":{"start":{"line":9,"column":64},"end":{"line":11,"column":5}}},"1":{"name":"(anonymous_7)","decl":{"start":{"line":13,"column":4},"end":{"line":13,"column":21}},"loc":{"start":{"line":13,"column":69},"end":{"line":22,"column":5}}},"2":{"name":"(anonymous_8)","decl":{"start":{"line":24,"column":4},"end":{"line":24,"column":12}},"loc":{"start":{"line":24,"column":46},"end":{"line":31,"column":5}}},"3":{"name":"(anonymous_9)","decl":{"start":{"line":33,"column":4},"end":{"line":33,"column":21}},"loc":{"start":{"line":33,"column":70},"end":{"line":35,"column":5}}},"4":{"name":"(anonymous_10)","decl":{"start":{"line":37,"column":4},"end":{"line":37,"column":23}},"loc":{"start":{"line":37,"column":75},"end":{"line":47,"column":5}}},"5":{"name":"(anonymous_11)","decl":{"start":{"line":49,"column":10},"end":{"line":49,"column":26}},"loc":{"start":{"line":49,"column":78},"end":{"line":72,"column":5}}}},"branchMap":{"0":{"loc":{"start":{"line":16,"column":12},"end":{"line":18,"column":13}},"type":"if","locations":[{"start":{"line":16,"column":12},"end":{"line":18,"column":13}},{"start":{"line":16,"column":12},"end":{"line":18,"column":13}}]},"1":{"loc":{"start":{"line":26,"column":12},"end":{"line":28,"column":13}},"type":"if","locations":[{"start":{"line":26,"column":12},"end":{"line":28,"column":13}},{"start":{"line":26,"column":12},"end":{"line":28,"column":13}}]},"2":{"loc":{"start":{"line":41,"column":12},"end":{"line":43,"column":13}},"type":"if","locations":[{"start":{"line":41,"column":12},"end":{"line":43,"column":13}},{"start":{"line":41,"column":12},"end":{"line":43,"column":13}}]},"3":{"loc":{"start":{"line":51,"column":12},"end":{"line":69,"column":13}},"type":"if","locations":[{"start":{"line":51,"column":12},"end":{"line":69,"column":13}},{"start":{"line":51,"column":12},"end":{"line":69,"column":13}}]},"4":{"loc":{"start":{"line":54,"column":20},"end":{"line":56,"column":30}},"type":"switch","locations":[{"start":{"line":54,"column":20},"end":{"line":56,"column":30}},{"start":{"line":57,"column":20},"end":{"line":59,"column":30}},{"start":{"line":60,"column":20},"end":{"line":62,"column":30}},{"start":{"line":63,"column":20},"end":{"line":65,"column":30}},{"start":{"line":66,"column":20},"end":{"line":67,"column":63}}]}},"s":{"0":2,"1":1,"2":0,"3":0,"4":0,"5":0,"6":0,"7":1,"8":1,"9":1,"10":0,"11":4,"12":1,"13":1,"14":2,"15":2,"16":1,"17":1,"18":2,"19":2,"20":1,"21":1,"22":0,"23":0,"24":0,"25":0,"26":1,"27":0,"28":0,"29":0,"30":2},"f":{"0":1,"1":0,"2":1,"3":4,"4":1,"5":1},"b":{"0":[0,0],"1":[1,0],"2":[2,0],"3":[2,0],"4":[1,0,0,1,0]}}
,"C:\\Projets\\story-engine-library\\src\\controllers\\persistance.ts": {"path":"C:\\Projets\\story-engine-library\\src\\controllers\\persistance.ts","statementMap":{"0":{"start":{"line":9,"column":12},"end":{"line":9,"column":31}},"1":{"start":{"line":13,"column":8},"end":{"line":13,"column":33}},"2":{"start":{"line":17,"column":8},"end":{"line":17,"column":18}},"3":{"start":{"line":21,"column":8},"end":{"line":29,"column":11}},"4":{"start":{"line":23,"column":12},"end":{"line":28,"column":15}},"5":{"start":{"line":24,"column":16},"end":{"line":26,"column":17}},"6":{"start":{"line":25,"column":20},"end":{"line":25,"column":39}},"7":{"start":{"line":27,"column":16},"end":{"line":27,"column":41}},"8":{"start":{"line":33,"column":8},"end":{"line":33,"column":18}},"9":{"start":{"line":37,"column":37},"end":{"line":37,"column":103}},"10":{"start":{"line":38,"column":8},"end":{"line":38,"column":38}},"11":{"start":{"line":42,"column":32},"end":{"line":42,"column":88}},"12":{"start":{"line":43,"column":8},"end":{"line":43,"column":33}},"13":{"start":{"line":47,"column":32},"end":{"line":47,"column":103}},"14":{"start":{"line":48,"column":8},"end":{"line":48,"column":33}},"15":{"start":{"line":52,"column":32},"end":{"line":52,"column":107}},"16":{"start":{"line":53,"column":8},"end":{"line":53,"column":33}},"17":{"start":{"line":57,"column":31},"end":{"line":57,"column":104}},"18":{"start":{"line":58,"column":40},"end":{"line":58,"column":57}},"19":{"start":{"line":59,"column":8},"end":{"line":59,"column":24}},"20":{"start":{"line":63,"column":31},"end":{"line":63,"column":102}},"21":{"start":{"line":64,"column":8},"end":{"line":64,"column":33}},"22":{"start":{"line":8,"column":0},"end":{"line":66,"column":1}}},"fnMap":{"0":{"name":"(anonymous_6)","decl":{"start":{"line":12,"column":4},"end":{"line":12,"column":15}},"loc":{"start":{"line":12,"column":32},"end":{"line":14,"column":5}}},"1":{"name":"(anonymous_7)","decl":{"start":{"line":16,"column":4},"end":{"line":16,"column":14}},"loc":{"start":{"line":16,"column":15},"end":{"line":18,"column":5}}},"2":{"name":"(anonymous_8)","decl":{"start":{"line":20,"column":18},"end":{"line":20,"column":25}},"loc":{"start":{"line":20,"column":39},"end":{"line":30,"column":5}}},"3":{"name":"(anonymous_10)","decl":{"start":{"line":21,"column":35},"end":{"line":21,"column":36}},"loc":{"start":{"line":21,"column":55},"end":{"line":29,"column":9}}},"4":{"name":"(anonymous_11)","decl":{"start":{"line":23,"column":57},"end":{"line":23,"column":66}},"loc":{"start":{"line":23,"column":86},"end":{"line":28,"column":13}}},"5":{"name":"(anonymous_12)","decl":{"start":{"line":32,"column":4},"end":{"line":32,"column":15}},"loc":{"start":{"line":32,"column":32},"end":{"line":34,"column":5}}},"6":{"name":"(anonymous_13)","decl":{"start":{"line":36,"column":10},"end":{"line":36,"column":23}},"loc":{"start":{"line":36,"column":40},"end":{"line":39,"column":5}}},"7":{"name":"(anonymous_15)","decl":{"start":{"line":41,"column":10},"end":{"line":41,"column":17}},"loc":{"start":{"line":41,"column":34},"end":{"line":44,"column":5}}},"8":{"name":"(anonymous_17)","decl":{"start":{"line":46,"column":10},"end":{"line":46,"column":19}},"loc":{"start":{"line":46,"column":55},"end":{"line":49,"column":5}}},"9":{"name":"(anonymous_19)","decl":{"start":{"line":51,"column":10},"end":{"line":51,"column":21}},"loc":{"start":{"line":51,"column":59},"end":{"line":54,"column":5}}},"10":{"name":"(anonymous_21)","decl":{"start":{"line":56,"column":10},"end":{"line":56,"column":20}},"loc":{"start":{"line":56,"column":57},"end":{"line":60,"column":5}}},"11":{"name":"(anonymous_23)","decl":{"start":{"line":62,"column":10},"end":{"line":62,"column":19}},"loc":{"start":{"line":62,"column":55},"end":{"line":65,"column":5}}}},"branchMap":{"0":{"loc":{"start":{"line":24,"column":16},"end":{"line":26,"column":17}},"type":"if","locations":[{"start":{"line":24,"column":16},"end":{"line":26,"column":17}},{"start":{"line":24,"column":16},"end":{"line":26,"column":17}}]}},"s":{"0":8,"1":8,"2":0,"3":20,"4":20,"5":19,"6":0,"7":19,"8":0,"9":0,"10":0,"11":7,"12":7,"13":5,"14":5,"15":0,"16":0,"17":7,"18":6,"19":6,"20":1,"21":1,"22":4},"f":{"0":8,"1":0,"2":20,"3":20,"4":19,"5":0,"6":0,"7":7,"8":5,"9":0,"10":7,"11":1},"b":{"0":[0,19]}}
,"C:\\Projets\\story-engine-library\\src\\models\\Consequence.ts": {"path":"C:\\Projets\\story-engine-library\\src\\models\\Consequence.ts","statementMap":{"0":{"start":{"line":3,"column":0},"end":{"line":8,"column":1}}},"fnMap":{},"branchMap":{},"s":{"0":1},"f":{},"b":{}}
,"C:\\Projets\\story-engine-library\\src\\models\\Context.ts": {"path":"C:\\Projets\\story-engine-library\\src\\models\\Context.ts","statementMap":{"0":{"start":{"line":6,"column":0},"end":{"line":15,"column":1}}},"fnMap":{},"branchMap":{},"s":{"0":1},"f":{},"b":{}}
,"C:\\Projets\\story-engine-library\\src\\models\\Story.ts": {"path":"C:\\Projets\\story-engine-library\\src\\models\\Story.ts","statementMap":{"0":{"start":{"line":1,"column":0},"end":{"line":6,"column":1}}},"fnMap":{},"branchMap":{},"s":{"0":1},"f":{},"b":{}}
}
