TN:
SF:C:\Projets\story-engine-library\src\stories.ts
FN:17,(anonymous_6)
FN:30,(anonymous_7)
FN:36,(anonymous_9)
FN:40,(anonymous_10)
FN:49,(anonymous_12)
FN:53,(anonymous_13)
FN:57,(anonymous_14)
FN:78,(anonymous_15)
FNF:8
FNH:8
FNDA:6,(anonymous_6)
FNDA:6,(anonymous_7)
FNDA:1,(anonymous_9)
FNDA:4,(anonymous_10)
FNDA:1,(anonymous_12)
FNDA:2,(anonymous_13)
FNDA:2,(anonymous_14)
FNDA:1,(anonymous_15)
DA:3,2
DA:6,2
DA:11,2
DA:12,2
DA:14,2
DA:18,6
DA:31,6
DA:32,6
DA:33,6
DA:37,1
DA:41,4
DA:42,0
DA:44,4
DA:45,4
DA:46,4
DA:50,1
DA:54,2
DA:59,2
DA:62,2
DA:63,2
DA:64,6
DA:65,6
DA:66,0
DA:67,0
DA:70,6
DA:71,6
DA:75,2
DA:79,1
DA:80,0
DA:83,1
DA:84,1
DA:85,0
DA:88,1
DA:90,1
LF:34
LH:29
BRDA:41,0,0,0
BRDA:41,0,1,4
BRDA:66,1,0,0
BRDA:66,1,1,0
BRDA:70,2,0,6
BRDA:70,2,1,0
BRDA:79,3,0,0
BRDA:79,3,1,1
BRDA:84,4,0,0
BRDA:84,4,1,1
BRF:10
BRH:4
end_of_record
TN:
SF:C:\Projets\story-engine-library\src\controllers\consequence.rules.ts
FN:5,(anonymous_6)
FN:7,applySkillConsequence
FN:23,applyCaracteristicConsequence
FN:39,applyRelationConsequence
FN:44,applySequenceTransitionConsequence
FNF:5
FNH:4
FNDA:3,(anonymous_6)
FNDA:2,applySkillConsequence
FNDA:1,applyCaracteristicConsequence
FNDA:0,applyRelationConsequence
FNDA:2,applySequenceTransitionConsequence
DA:3,3
DA:5,3
DA:7,3
DA:8,2
DA:9,1
DA:11,2
DA:12,2
DA:13,0
DA:15,2
DA:16,2
DA:18,0
DA:20,2
DA:23,3
DA:24,1
DA:25,1
DA:27,1
DA:28,1
DA:29,0
DA:31,1
DA:32,1
DA:34,0
DA:36,1
DA:39,3
DA:41,0
DA:44,3
DA:45,2
DA:46,1
LF:27
LH:22
BRDA:8,0,0,1
BRDA:8,0,1,1
BRDA:12,1,0,0
BRDA:12,1,1,2
BRDA:12,2,0,2
BRDA:12,2,1,0
BRDA:15,3,0,2
BRDA:15,3,1,0
BRDA:24,4,0,1
BRDA:24,4,1,0
BRDA:28,5,0,0
BRDA:28,5,1,1
BRDA:28,6,0,1
BRDA:28,6,1,0
BRDA:31,7,0,1
BRDA:31,7,1,0
BRDA:5,8,0,3
BRDA:5,8,1,3
BRF:18
BRH:11
end_of_record
TN:
SF:C:\Projets\story-engine-library\src\controllers\engine.ts
FN:9,(anonymous_6)
FN:13,(anonymous_7)
FN:24,(anonymous_8)
FN:33,(anonymous_9)
FN:37,(anonymous_10)
FN:49,(anonymous_11)
FNF:6
FNH:5
FNDA:1,(anonymous_6)
FNDA:0,(anonymous_7)
FNDA:1,(anonymous_8)
FNDA:4,(anonymous_9)
FNDA:1,(anonymous_10)
FNDA:1,(anonymous_11)
DA:6,2
DA:8,2
DA:10,1
DA:14,0
DA:15,0
DA:16,0
DA:17,0
DA:21,0
DA:25,1
DA:26,1
DA:27,1
DA:30,0
DA:34,4
DA:38,1
DA:40,1
DA:41,2
DA:42,2
DA:46,1
DA:50,1
DA:51,2
DA:53,2
DA:55,1
DA:56,1
DA:58,0
DA:59,0
DA:61,0
DA:62,0
DA:64,1
DA:65,0
DA:67,0
DA:71,0
LF:31
LH:18
BRDA:16,0,0,0
BRDA:16,0,1,0
BRDA:26,1,0,1
BRDA:26,1,1,0
BRDA:41,2,0,2
BRDA:41,2,1,0
BRDA:51,3,0,2
BRDA:51,3,1,0
BRDA:54,4,0,1
BRDA:54,4,1,0
BRDA:54,4,2,0
BRDA:54,4,3,1
BRDA:54,4,4,0
BRF:13
BRH:5
end_of_record
TN:
SF:C:\Projets\story-engine-library\src\controllers\persistance.ts
FN:12,(anonymous_6)
FN:16,(anonymous_7)
FN:20,(anonymous_8)
FN:21,(anonymous_10)
FN:23,(anonymous_11)
FN:32,(anonymous_12)
FN:36,(anonymous_13)
FN:41,(anonymous_15)
FN:46,(anonymous_17)
FN:51,(anonymous_19)
FN:56,(anonymous_21)
FN:62,(anonymous_23)
FNF:12
FNH:8
FNDA:8,(anonymous_6)
FNDA:0,(anonymous_7)
FNDA:20,(anonymous_8)
FNDA:20,(anonymous_10)
FNDA:19,(anonymous_11)
FNDA:0,(anonymous_12)
FNDA:0,(anonymous_13)
FNDA:7,(anonymous_15)
FNDA:5,(anonymous_17)
FNDA:0,(anonymous_19)
FNDA:7,(anonymous_21)
FNDA:1,(anonymous_23)
DA:8,4
DA:9,8
DA:13,8
DA:17,0
DA:21,20
DA:23,20
DA:24,19
DA:25,0
DA:27,19
DA:33,0
DA:37,0
DA:38,0
DA:42,7
DA:43,7
DA:47,5
DA:48,5
DA:52,0
DA:53,0
DA:57,7
DA:58,6
DA:59,6
DA:63,1
DA:64,1
LF:23
LH:16
BRDA:24,0,0,0
BRDA:24,0,1,19
BRF:2
BRH:1
end_of_record
TN:
SF:C:\Projets\story-engine-library\src\models\Consequence.ts
FNF:0
FNH:0
DA:3,1
LF:1
LH:1
BRF:0
BRH:0
end_of_record
TN:
SF:C:\Projets\story-engine-library\src\models\Context.ts
FNF:0
FNH:0
DA:6,1
LF:1
LH:1
BRF:0
BRH:0
end_of_record
TN:
SF:C:\Projets\story-engine-library\src\models\Story.ts
FNF:0
FNH:0
DA:1,1
LF:1
LH:1
BRF:0
BRH:0
end_of_record
