TN:
SF:C:\Projets\story-engine-library\src\stories.ts
FN:21,(anonymous_6)
FN:26,(anonymous_8)
FN:30,(anonymous_9)
FN:39,(anonymous_11)
FN:43,(anonymous_12)
FN:47,(anonymous_13)
FN:53,(anonymous_14)
FN:55,(anonymous_15)
FN:68,(anonymous_16)
FNF:9
FNH:7
FNDA:6,(anonymous_6)
FNDA:1,(anonymous_8)
FNDA:4,(anonymous_9)
FNDA:1,(anonymous_11)
FNDA:2,(anonymous_12)
FNDA:2,(anonymous_13)
FNDA:6,(anonymous_14)
FNDA:0,(anonymous_15)
FNDA:0,(anonymous_16)
DA:3,2
DA:6,2
DA:11,2
DA:12,2
DA:14,2
DA:22,6
DA:23,6
DA:27,1
DA:31,4
DA:32,0
DA:34,4
DA:35,4
DA:36,4
DA:40,1
DA:44,2
DA:49,2
DA:52,2
DA:53,2
DA:54,6
DA:55,6
DA:56,0
DA:57,0
DA:60,6
DA:61,6
DA:65,2
DA:69,0
DA:70,0
DA:73,0
DA:74,0
DA:75,0
DA:78,0
LF:31
LH:22
BRDA:31,0,0,0
BRDA:31,0,1,4
BRDA:56,1,0,0
BRDA:56,1,1,0
BRDA:60,2,0,6
BRDA:60,2,1,0
BRDA:69,3,0,0
BRDA:69,3,1,0
BRDA:74,4,0,0
BRDA:74,4,1,0
BRF:10
BRH:2
end_of_record
TN:
SF:C:\Projets\story-engine-library\src\controllers\engine.ts
FN:8,(anonymous_0)
FN:12,(anonymous_1)
FN:15,(anonymous_2)
FN:24,(anonymous_3)
FN:25,(anonymous_4)
FN:33,(anonymous_5)
FN:37,(anonymous_6)
FN:40,(anonymous_7)
FNF:8
FNH:0
FNDA:0,(anonymous_0)
FNDA:0,(anonymous_1)
FNDA:0,(anonymous_2)
FNDA:0,(anonymous_3)
FNDA:0,(anonymous_4)
FNDA:0,(anonymous_5)
FNDA:0,(anonymous_6)
FNDA:0,(anonymous_7)
DA:7,2
DA:9,0
DA:13,0
DA:15,0
DA:16,0
DA:17,0
DA:21,0
DA:25,0
DA:26,0
DA:27,0
DA:30,0
DA:34,0
DA:38,0
DA:40,0
DA:41,0
DA:42,0
DA:46,0
LF:17
LH:1
BRDA:16,0,0,0
BRDA:16,0,1,0
BRDA:26,1,0,0
BRDA:26,1,1,0
BRDA:41,2,0,0
BRDA:41,2,1,0
BRF:6
BRH:0
end_of_record
TN:
SF:C:\Projets\story-engine-library\src\controllers\persistance.ts
FN:12,(anonymous_6)
FN:16,(anonymous_7)
FN:20,(anonymous_8)
FN:21,(anonymous_10)
FN:23,(anonymous_11)
FN:32,(anonymous_12)
FN:36,(anonymous_13)
FN:41,(anonymous_15)
FN:46,(anonymous_17)
FN:51,(anonymous_19)
FN:56,(anonymous_21)
FN:61,(anonymous_23)
FNF:12
FNH:8
FNDA:6,(anonymous_6)
FNDA:0,(anonymous_7)
FNDA:18,(anonymous_8)
FNDA:18,(anonymous_10)
FNDA:18,(anonymous_11)
FNDA:0,(anonymous_12)
FNDA:0,(anonymous_13)
FNDA:7,(anonymous_15)
FNDA:5,(anonymous_17)
FNDA:0,(anonymous_19)
FNDA:5,(anonymous_21)
FNDA:1,(anonymous_23)
DA:8,3
DA:9,6
DA:13,6
DA:17,0
DA:21,18
DA:23,18
DA:24,18
DA:25,0
DA:27,18
DA:33,0
DA:37,0
DA:38,0
DA:42,7
DA:43,7
DA:47,5
DA:48,5
DA:52,0
DA:53,0
DA:57,5
DA:58,5
DA:62,1
DA:63,1
LF:22
LH:15
BRDA:24,0,0,0
BRDA:24,0,1,18
BRF:2
BRH:1
end_of_record
